Determining if the pthread_create exist failed with the following output:
Change Dir: /data/home/mirzawd/software/opencmiss_examples/large_uniaxial_extension/build_debug/CMakeFiles/CMakeTmp

Run Build Command:"/usr/bin/make" "cmTC_1a23a/fast"
make: Warning: File `Makefile' has modification time 1.1e+02 s in the future
/usr/bin/make -f CMakeFiles/cmTC_1a23a.dir/build.make CMakeFiles/cmTC_1a23a.dir/build
make[1]: Entering directory `/data/home/mirzawd/software/opencmiss_examples/large_uniaxial_extension/build_debug/CMakeFiles/CMakeTmp'
make[1]: Warning: File `CMakeFiles/cmTC_1a23a.dir/flags.make' has modification time 1.1e+02 s in the future
Building C object CMakeFiles/cmTC_1a23a.dir/CheckSymbolExists.c.o
/usr/bin/cc     -o CMakeFiles/cmTC_1a23a.dir/CheckSymbolExists.c.o   -c /data/home/mirzawd/software/opencmiss_examples/large_uniaxial_extension/build_debug/CMakeFiles/CMakeTmp/CheckSymbolExists.c
Linking C executable cmTC_1a23a
/usr/local/opencmiss/dependencies/debug/install/utilities/cmake/bin/cmake -E cmake_link_script CMakeFiles/cmTC_1a23a.dir/link.txt --verbose=1
/usr/bin/cc       CMakeFiles/cmTC_1a23a.dir/CheckSymbolExists.c.o  -o cmTC_1a23a -rdynamic 
CMakeFiles/cmTC_1a23a.dir/CheckSymbolExists.c.o: In function `main':
CheckSymbolExists.c:(.text+0x16): undefined reference to `pthread_create'
collect2: error: ld returned 1 exit status
make[1]: *** [cmTC_1a23a] Error 1
make[1]: Leaving directory `/data/home/mirzawd/software/opencmiss_examples/large_uniaxial_extension/build_debug/CMakeFiles/CMakeTmp'
make: *** [cmTC_1a23a/fast] Error 2

File /data/home/mirzawd/software/opencmiss_examples/large_uniaxial_extension/build_debug/CMakeFiles/CMakeTmp/CheckSymbolExists.c:
/* */
#include <pthread.h>

int main(int argc, char** argv)
{
  (void)argv;
#ifndef pthread_create
  return ((int*)(&pthread_create))[argc];
#else
  (void)argc;
  return 0;
#endif
}

Determining if the function pthread_create exists in the pthreads failed with the following output:
Change Dir: /data/home/mirzawd/software/opencmiss_examples/large_uniaxial_extension/build_debug/CMakeFiles/CMakeTmp

Run Build Command:"/usr/bin/make" "cmTC_34842/fast"
make: Warning: File `Makefile' has modification time 1.1e+02 s in the future
/usr/bin/make -f CMakeFiles/cmTC_34842.dir/build.make CMakeFiles/cmTC_34842.dir/build
make[1]: Entering directory `/data/home/mirzawd/software/opencmiss_examples/large_uniaxial_extension/build_debug/CMakeFiles/CMakeTmp'
make[1]: Warning: File `CMakeFiles/cmTC_34842.dir/flags.make' has modification time 1.1e+02 s in the future
Building C object CMakeFiles/cmTC_34842.dir/CheckFunctionExists.c.o
/usr/bin/cc    -DCHECK_FUNCTION_EXISTS=pthread_create   -o CMakeFiles/cmTC_34842.dir/CheckFunctionExists.c.o   -c /usr/local/opencmiss/dependencies/debug/install/utilities/cmake/share/cmake-3.4/Modules/CheckFunctionExists.c
Linking C executable cmTC_34842
/usr/local/opencmiss/dependencies/debug/install/utilities/cmake/bin/cmake -E cmake_link_script CMakeFiles/cmTC_34842.dir/link.txt --verbose=1
/usr/bin/cc   -DCHECK_FUNCTION_EXISTS=pthread_create    CMakeFiles/cmTC_34842.dir/CheckFunctionExists.c.o  -o cmTC_34842 -rdynamic -lpthreads 
/usr/bin/ld: cannot find -lpthreads
collect2: error: ld returned 1 exit status
make[1]: *** [cmTC_34842] Error 1
make[1]: Leaving directory `/data/home/mirzawd/software/opencmiss_examples/large_uniaxial_extension/build_debug/CMakeFiles/CMakeTmp'
make: *** [cmTC_34842/fast] Error 2


